Using pre-set license
Built from '2020.3/staging' branch; Version is '2020.3.26f1 (7298b473bc1a) revision 7510196'; Using compiler version '192528614'; Build Type 'Release'
OS: 'Windows 10  (10.0.19044) 64bit Core' Language: 'en' Physical Memory: 16294 MB
BatchMode: 1, IsHumanControllingUs: 0, StartBugReporterOnCrash: 0, Is64bit: 1, IsPro: 0

COMMAND LINE ARGUMENTS:
C:\Users\Kenji Kothari\Documents\Unity\2020.3.26f1\Editor\Unity.exe
-adb2
-batchMode
-noUpm
-name
AssetImportWorker0
-projectPath
C:/Users/Kenji Kothari/C# Unity Class Projects/Project Boost
-logFile
Logs/AssetImportWorker0.log
-srvPort
64398
Successfully changed project path to: C:/Users/Kenji Kothari/C# Unity Class Projects/Project Boost
C:/Users/Kenji Kothari/C# Unity Class Projects/Project Boost
Using Asset Import Pipeline V2.
Refreshing native plugins compatible for Editor in 33.97 ms, found 2 plugins.
Preloading 0 native plugins for Editor in 0.00 ms.
Initialize engine version: 2020.3.26f1 (7298b473bc1a)
[Subsystems] Discovering subsystems at path C:/Users/Kenji Kothari/Documents/Unity/2020.3.26f1/Editor/Data/Resources/UnitySubsystems
[Subsystems] Discovering subsystems at path C:/Users/Kenji Kothari/C# Unity Class Projects/Project Boost/Assets
GfxDevice: creating device client; threaded=0
Direct3D:
    Version:  Direct3D 11.0 [level 11.1]
    Renderer: NVIDIA GeForce GTX 1050 Ti (ID=0x1c82)
    Vendor:   
    VRAM:     4018 MB
    Driver:   31.0.15.1694
Initialize mono
Mono path[0] = 'C:/Users/Kenji Kothari/Documents/Unity/2020.3.26f1/Editor/Data/Managed'
Mono path[1] = 'C:/Users/Kenji Kothari/Documents/Unity/2020.3.26f1/Editor/Data/MonoBleedingEdge/lib/mono/unityjit'
Mono config path = 'C:/Users/Kenji Kothari/Documents/Unity/2020.3.26f1/Editor/Data/MonoBleedingEdge/etc'
Using monoOptions --debugger-agent=transport=dt_socket,embedding=1,server=y,suspend=n,address=127.0.0.1:56052
Begin MonoManager ReloadAssembly
Registering precompiled unity dll's ...
Register platform support module: C:/Users/Kenji Kothari/Documents/Unity/2020.3.26f1/Editor/Data/PlaybackEngines/WebGLSupport/UnityEditor.WebGL.Extensions.dll
Register platform support module: C:/Users/Kenji Kothari/Documents/Unity/2020.3.26f1/Editor/Data/PlaybackEngines/WindowsStandaloneSupport/UnityEditor.WindowsStandalone.Extensions.dll
Registered in 0.003026 seconds.
Native extension for WindowsStandalone target not found
Native extension for WebGL target not found
Refreshing native plugins compatible for Editor in 37.69 ms, found 2 plugins.
Preloading 0 native plugins for Editor in 0.00 ms.
Mono: successfully reloaded assembly
- Completed reload, in  0.557 seconds
Domain Reload Profiling:
	ReloadAssembly (557ms)
		BeginReloadAssembly (53ms)
			ExecutionOrderSort (0ms)
			DisableScriptedObjects (0ms)
			BackupInstance (0ms)
			ReleaseScriptingObjects (0ms)
			CreateAndSetChildDomain (1ms)
		EndReloadAssembly (430ms)
			LoadAssemblies (51ms)
			RebuildTransferFunctionScriptingTraits (0ms)
			SetupTypeCache (138ms)
			ReleaseScriptCaches (0ms)
			RebuildScriptCaches (29ms)
			SetupLoadedEditorAssemblies (169ms)
				LogAssemblyErrors (0ms)
				InitializePlatformSupportModulesInManaged (9ms)
				SetLoadedEditorAssemblies (0ms)
				RefreshPlugins (38ms)
				BeforeProcessingInitializeOnLoad (13ms)
				ProcessInitializeOnLoadAttributes (80ms)
				ProcessInitializeOnLoadMethodAttributes (28ms)
				AfterProcessingInitializeOnLoad (0ms)
				EditorAssembliesLoaded (0ms)
			ExecutionOrderSort2 (0ms)
			AwakeInstancesAfterBackupRestoration (0ms)
Platform modules already initialized, skipping
Registering precompiled user dll's ...
Registered in 0.007365 seconds.
Begin MonoManager ReloadAssembly
Native extension for WindowsStandalone target not found
Native extension for WebGL target not found
Refreshing native plugins compatible for Editor in 0.40 ms, found 2 plugins.
Preloading 0 native plugins for Editor in 0.00 ms.
Mono: successfully reloaded assembly
- Completed reload, in  0.973 seconds
Domain Reload Profiling:
	ReloadAssembly (974ms)
		BeginReloadAssembly (134ms)
			ExecutionOrderSort (0ms)
			DisableScriptedObjects (4ms)
			BackupInstance (0ms)
			ReleaseScriptingObjects (0ms)
			CreateAndSetChildDomain (20ms)
		EndReloadAssembly (775ms)
			LoadAssemblies (84ms)
			RebuildTransferFunctionScriptingTraits (0ms)
			SetupTypeCache (266ms)
			ReleaseScriptCaches (1ms)
			RebuildScriptCaches (46ms)
			SetupLoadedEditorAssemblies (301ms)
				LogAssemblyErrors (0ms)
				InitializePlatformSupportModulesInManaged (5ms)
				SetLoadedEditorAssemblies (0ms)
				RefreshPlugins (0ms)
				BeforeProcessingInitializeOnLoad (88ms)
				ProcessInitializeOnLoadAttributes (192ms)
				ProcessInitializeOnLoadMethodAttributes (8ms)
				AfterProcessingInitializeOnLoad (7ms)
				EditorAssembliesLoaded (0ms)
			ExecutionOrderSort2 (0ms)
			AwakeInstancesAfterBackupRestoration (6ms)
Platform modules already initialized, skipping
========================================================================
Worker process is ready to serve import requests
Launched and connected shader compiler UnityShaderCompiler.exe after 0.04 seconds
Refreshing native plugins compatible for Editor in 0.40 ms, found 2 plugins.
Preloading 0 native plugins for Editor in 0.00 ms.
Unloading 1655 Unused Serialized files (Serialized files now loaded: 0)
System memory in use before: 86.0 MB.
System memory in use after: 86.1 MB.

Unloading 20 unused Assets to reduce memory usage. Loaded Objects now: 2102.
Total: 2.653200 ms (FindLiveObjects: 0.171100 ms CreateObjectMapping: 0.036400 ms MarkObjects: 2.388500 ms  DeleteObjects: 0.056200 ms)

AssetImportParameters requested are different than current active one (requested -> active):
  custom:framework-win-MediaFoundation: 216162199b28c13a410421893ffa2e32 -> 
  custom:video-decoder-ogg-theora: a1e56fd34408186e4bbccfd4996cb3dc -> 
  custom:container-muxer-webm: aa71ff27fc2769a1b78a27578f13a17b -> 
  custom:container-demuxer-webm: 4f35f7cbe854078d1ac9338744f61a02 -> 
  custom:container-demuxer-ogg: 62fdf1f143b41e24485cea50d1cbac27 -> 
  custom:video-encoder-webm-vp8: eb34c28f22e8b96e1ab97ce403110664 -> 
  custom:video-decoder-webm-vp8: 9c59270c3fd7afecdb556c50c9e8de78 -> 
  custom:audio-decoder-ogg-vorbis: bf7c407c2cedff20999df2af8eb42d56 -> 
  custom:audio-encoder-webm-vorbis: bf7c407c2cedff20999df2af8eb42d56 -> 
========================================================================
Received Import Request.
  path: Assets/LowPoly Rocks/Prefabs/Rock8.prefab
  artifactKey: Guid(f0b038078591d7441bbc6586bbc421d2) Importer(815301076,1909f56bfc062723c751e8b465ee728b)
Start importing Assets/LowPoly Rocks/Prefabs/Rock8.prefab using Guid(f0b038078591d7441bbc6586bbc421d2) Importer(815301076,1909f56bfc062723c751e8b465ee728b)  -> (artifact id: '29d4fac8d9c45b5e58357ddcb531896b') in 0.110009 seconds 
  Import took 0.112669 seconds .

========================================================================
Received Import Request.
  Time since last request: 0.000177 seconds.
  path: Assets/LowPoly Rocks/Prefabs/Rock1.prefab
  artifactKey: Guid(8d931b3fb82717949a490ba2479926c4) Importer(815301076,1909f56bfc062723c751e8b465ee728b)
Start importing Assets/LowPoly Rocks/Prefabs/Rock1.prefab using Guid(8d931b3fb82717949a490ba2479926c4) Importer(815301076,1909f56bfc062723c751e8b465ee728b)  -> (artifact id: '7bb531882c068f351f42bf5a4723e362') in 0.017586 seconds 
  Import took 0.020093 seconds .

========================================================================
Received Import Request.
  Time since last request: 0.000140 seconds.
  path: Assets/LowPoly Rocks/Prefabs/Rock2.prefab
  artifactKey: Guid(1d7cf80ff985b3d4da86a46d77ed1a1e) Importer(815301076,1909f56bfc062723c751e8b465ee728b)
Start importing Assets/LowPoly Rocks/Prefabs/Rock2.prefab using Guid(1d7cf80ff985b3d4da86a46d77ed1a1e) Importer(815301076,1909f56bfc062723c751e8b465ee728b)  -> (artifact id: 'd7d47d52ccb0796c6371701988b3931a') in 0.014670 seconds 
  Import took 0.017343 seconds .

========================================================================
Received Import Request.
  Time since last request: 0.000243 seconds.
  path: Assets/LowPoly Rocks/Prefabs
  artifactKey: Guid(df1d4bf3001b8bf449f9e137c20b29ef) Importer(815301076,1909f56bfc062723c751e8b465ee728b)
Start importing Assets/LowPoly Rocks/Prefabs using Guid(df1d4bf3001b8bf449f9e137c20b29ef) Importer(815301076,1909f56bfc062723c751e8b465ee728b)  -> (artifact id: '680c7ad2f66a6fb566958773839d3ed8') in 0.006371 seconds 
  Import took 0.008736 seconds .

========================================================================
Received Import Request.
  Time since last request: 0.000173 seconds.
  path: Assets/LowPoly Rocks/Prefabs/Stalagmite2.prefab
  artifactKey: Guid(20ae9eb2042a9a649bd7d5567eadd2fc) Importer(815301076,1909f56bfc062723c751e8b465ee728b)
Start importing Assets/LowPoly Rocks/Prefabs/Stalagmite2.prefab using Guid(20ae9eb2042a9a649bd7d5567eadd2fc) Importer(815301076,1909f56bfc062723c751e8b465ee728b)  -> (artifact id: 'a581dc63d210bc00f9a18e90235262e0') in 0.014432 seconds 
  Import took 0.018144 seconds .

========================================================================
Received Import Request.
  Time since last request: 0.000293 seconds.
  path: Assets/LowPoly Rocks/Prefabs/Rock4.prefab
  artifactKey: Guid(a60a8f0bf6c2c2e43959578425ce1015) Importer(815301076,1909f56bfc062723c751e8b465ee728b)
Start importing Assets/LowPoly Rocks/Prefabs/Rock4.prefab using Guid(a60a8f0bf6c2c2e43959578425ce1015) Importer(815301076,1909f56bfc062723c751e8b465ee728b)  -> (artifact id: '8c7a021e63335b00050502dcd2c1cbba') in 0.013099 seconds 
  Import took 0.017108 seconds .

========================================================================
Received Import Request.
  Time since last request: 0.000184 seconds.
  path: Assets/LowPoly Rocks/Prefabs/Stalagmite4.prefab
  artifactKey: Guid(bd427175c8c6e874cb6cd18814401491) Importer(815301076,1909f56bfc062723c751e8b465ee728b)
Start importing Assets/LowPoly Rocks/Prefabs/Stalagmite4.prefab using Guid(bd427175c8c6e874cb6cd18814401491) Importer(815301076,1909f56bfc062723c751e8b465ee728b)  -> (artifact id: '782d17db3d207506f98580662e1b0c3b') in 0.017515 seconds 
  Import took 0.020076 seconds .

========================================================================
Received Import Request.
  Time since last request: 0.000181 seconds.
  path: Assets/LowPoly Rocks/Prefabs/Rock3.prefab
  artifactKey: Guid(a9b2c2ea8472caa40b47a88cf3badc04) Importer(815301076,1909f56bfc062723c751e8b465ee728b)
Start importing Assets/LowPoly Rocks/Prefabs/Rock3.prefab using Guid(a9b2c2ea8472caa40b47a88cf3badc04) Importer(815301076,1909f56bfc062723c751e8b465ee728b)  -> (artifact id: 'dc03c80a2243ddb4b872eb868e57bc3e') in 0.018440 seconds 
  Import took 0.020759 seconds .

========================================================================
Received Import Request.
  Time since last request: 0.000135 seconds.
  path: Assets/LowPoly Rocks/Prefabs/Rock10.prefab
  artifactKey: Guid(2934d248fbf71ae43908c5dba87ac6e5) Importer(815301076,1909f56bfc062723c751e8b465ee728b)
Start importing Assets/LowPoly Rocks/Prefabs/Rock10.prefab using Guid(2934d248fbf71ae43908c5dba87ac6e5) Importer(815301076,1909f56bfc062723c751e8b465ee728b)  -> (artifact id: '832ac5f9b901bce6cbcb0deb00c475a7') in 0.014154 seconds 
  Import took 0.016720 seconds .

========================================================================
Received Import Request.
  Time since last request: 0.000241 seconds.
  path: Assets/LowPoly Rocks/Prefabs/Stalagmite1.prefab
  artifactKey: Guid(a01382f4fef9dda44bfc417604e578b8) Importer(815301076,1909f56bfc062723c751e8b465ee728b)
Start importing Assets/LowPoly Rocks/Prefabs/Stalagmite1.prefab using Guid(a01382f4fef9dda44bfc417604e578b8) Importer(815301076,1909f56bfc062723c751e8b465ee728b)  -> (artifact id: '390d8dbe95f134e04eb4a80bc2061725') in 0.013904 seconds 
  Import took 0.017787 seconds .

========================================================================
Received Import Request.
  Time since last request: 0.000289 seconds.
  path: Assets/LowPoly Rocks/Prefabs/Rock11.prefab
  artifactKey: Guid(5f392814e5dcb6a45b0380e07be63338) Importer(815301076,1909f56bfc062723c751e8b465ee728b)
Start importing Assets/LowPoly Rocks/Prefabs/Rock11.prefab using Guid(5f392814e5dcb6a45b0380e07be63338) Importer(815301076,1909f56bfc062723c751e8b465ee728b)  -> (artifact id: '422b86e79bc4ac1f5ca99c4c974d8db4') in 0.015910 seconds 
  Import took 0.019031 seconds .

========================================================================
Received Import Request.
  Time since last request: 0.000167 seconds.
  path: Assets/LowPoly Rocks/Prefabs/Rock7.prefab
  artifactKey: Guid(40cdb1261502c5147946ac48cebac02b) Importer(815301076,1909f56bfc062723c751e8b465ee728b)
Start importing Assets/LowPoly Rocks/Prefabs/Rock7.prefab using Guid(40cdb1261502c5147946ac48cebac02b) Importer(815301076,1909f56bfc062723c751e8b465ee728b)  -> (artifact id: '9185a8cca51208211a08a29e935d0d35') in 0.011157 seconds 
  Import took 0.014007 seconds .

========================================================================
Received Import Request.
  Time since last request: 0.000221 seconds.
  path: Assets/LowPoly Rocks/Prefabs/Rock5.prefab
  artifactKey: Guid(345663e86a7f60545b8ec4a8ef734d07) Importer(815301076,1909f56bfc062723c751e8b465ee728b)
Start importing Assets/LowPoly Rocks/Prefabs/Rock5.prefab using Guid(345663e86a7f60545b8ec4a8ef734d07) Importer(815301076,1909f56bfc062723c751e8b465ee728b)  -> (artifact id: 'fa27ad3b30e8df817ebfbf9fbe64e0c6') in 0.011768 seconds 
  Import took 0.014618 seconds .

========================================================================
Received Import Request.
  Time since last request: 0.000177 seconds.
  path: Assets/LowPoly Rocks/Prefabs/Rock9.prefab
  artifactKey: Guid(087932bfd0e7db149b7e604943e47caf) Importer(815301076,1909f56bfc062723c751e8b465ee728b)
Start importing Assets/LowPoly Rocks/Prefabs/Rock9.prefab using Guid(087932bfd0e7db149b7e604943e47caf) Importer(815301076,1909f56bfc062723c751e8b465ee728b)  -> (artifact id: '3a68faea38e280d0ad17f79ab1601c15') in 0.020507 seconds 
  Import took 0.023197 seconds .

========================================================================
Received Import Request.
  Time since last request: 0.000142 seconds.
  path: Assets/LowPoly Rocks/Prefabs/Stalagmite5.prefab
  artifactKey: Guid(7f29d7b2a9defc84392ee3f65ac49455) Importer(815301076,1909f56bfc062723c751e8b465ee728b)
Start importing Assets/LowPoly Rocks/Prefabs/Stalagmite5.prefab using Guid(7f29d7b2a9defc84392ee3f65ac49455) Importer(815301076,1909f56bfc062723c751e8b465ee728b)  -> (artifact id: 'af5e7d9253c2cab000026b49fddd15b0') in 0.011315 seconds 
  Import took 0.013684 seconds .

========================================================================
Received Import Request.
  Time since last request: 0.000181 seconds.
  path: Assets/LowPoly Rocks/Prefabs/Stalagmite3.prefab
  artifactKey: Guid(52e86cf63f5a28643b9ff6c47eec24cf) Importer(815301076,1909f56bfc062723c751e8b465ee728b)
Start importing Assets/LowPoly Rocks/Prefabs/Stalagmite3.prefab using Guid(52e86cf63f5a28643b9ff6c47eec24cf) Importer(815301076,1909f56bfc062723c751e8b465ee728b)  -> (artifact id: '184ca77c6e151a48f8ef503d169a1dcb') in 0.014665 seconds 
  Import took 0.017426 seconds .

========================================================================
Received Import Request.
  Time since last request: 0.000142 seconds.
  path: Assets/LowPoly Rocks/Prefabs/Rock6.prefab
  artifactKey: Guid(d052e3fbbc0929a408e720b491187572) Importer(815301076,1909f56bfc062723c751e8b465ee728b)
Start importing Assets/LowPoly Rocks/Prefabs/Rock6.prefab using Guid(d052e3fbbc0929a408e720b491187572) Importer(815301076,1909f56bfc062723c751e8b465ee728b)  -> (artifact id: '9d12a9bd1e23a9722d260b5749279ab1') in 0.015779 seconds 
  Import took 0.018326 seconds .

========================================================================
Received Import Request.
  Time since last request: 4.376212 seconds.
  path: Assets/LowPoly Rocks/FBX/RocksMaterial.mat
  artifactKey: Guid(d2fd4d71edd84d847abfac1d74b92941) Importer(815301076,1909f56bfc062723c751e8b465ee728b)
Start importing Assets/LowPoly Rocks/FBX/RocksMaterial.mat using Guid(d2fd4d71edd84d847abfac1d74b92941) Importer(815301076,1909f56bfc062723c751e8b465ee728b)  -> (artifact id: 'da8f80fdf7023a95f225674ee9617b25') in 0.023232 seconds 
  Import took 0.025968 seconds .

========================================================================
Received Import Request.
  Time since last request: 3.251799 seconds.
  path: Assets/LowPoly Rocks/FBX/Ground
  artifactKey: Guid(4632c0e8ae3dac942a805c11938f5725) Importer(815301076,1909f56bfc062723c751e8b465ee728b)
Start importing Assets/LowPoly Rocks/FBX/Ground using Guid(4632c0e8ae3dac942a805c11938f5725) Importer(815301076,1909f56bfc062723c751e8b465ee728b)  -> (artifact id: '4c8978dd32978e9fc748231d4bf297fe') in 0.006268 seconds 
  Import took 0.009011 seconds .

========================================================================
Received Import Request.
  Time since last request: 0.045428 seconds.
  path: Assets/LowPoly Rocks/FBX/Ground/Rock1.fbx
  artifactKey: Guid(532788c369e551d44a067aa3c8bb182c) Importer(815301076,1909f56bfc062723c751e8b465ee728b)
Start importing Assets/LowPoly Rocks/FBX/Ground/Rock1.fbx using Guid(532788c369e551d44a067aa3c8bb182c) Importer(815301076,1909f56bfc062723c751e8b465ee728b)  -> (artifact id: 'ff7f7f3992d529cf8b54a9568411e80b') in 0.066535 seconds 
  Import took 0.069151 seconds .

========================================================================
Received Import Request.
  Time since last request: 0.000175 seconds.
  path: Assets/LowPoly Rocks/FBX/Ground/Rock7.fbx
  artifactKey: Guid(60c9c19ace4c522459fb5d2243213bd5) Importer(815301076,1909f56bfc062723c751e8b465ee728b)
Start importing Assets/LowPoly Rocks/FBX/Ground/Rock7.fbx using Guid(60c9c19ace4c522459fb5d2243213bd5) Importer(815301076,1909f56bfc062723c751e8b465ee728b)  -> (artifact id: '749a4274495ed02168d94311f7e40602') in 0.015512 seconds 
  Import took 0.017952 seconds .

========================================================================
Received Import Request.
  Time since last request: 0.000178 seconds.
  path: Assets/LowPoly Rocks/FBX/Ground/Rock3.fbx
  artifactKey: Guid(f7f380d766b49b542be8acff1609e991) Importer(815301076,1909f56bfc062723c751e8b465ee728b)
Start importing Assets/LowPoly Rocks/FBX/Ground/Rock3.fbx using Guid(f7f380d766b49b542be8acff1609e991) Importer(815301076,1909f56bfc062723c751e8b465ee728b)  -> (artifact id: '709a75c89d0a37f9e572ee6c5297bec8') in 0.015872 seconds 
  Import took 0.019081 seconds .

========================================================================
Received Import Request.
  Time since last request: 0.000222 seconds.
  path: Assets/LowPoly Rocks/FBX/Ground/Rock10.fbx
  artifactKey: Guid(a0071168e779c6a4591fac5de3ee9957) Importer(815301076,1909f56bfc062723c751e8b465ee728b)
Start importing Assets/LowPoly Rocks/FBX/Ground/Rock10.fbx using Guid(a0071168e779c6a4591fac5de3ee9957) Importer(815301076,1909f56bfc062723c751e8b465ee728b)  -> (artifact id: '416658534911e0c12eb4976c5c108349') in 0.014535 seconds 
  Import took 0.017750 seconds .

========================================================================
Received Import Request.
  Time since last request: 0.000212 seconds.
  path: Assets/LowPoly Rocks/FBX/Ground/Rock9.fbx
  artifactKey: Guid(8beff6b3bf60d5940abef1e0eb42fb70) Importer(815301076,1909f56bfc062723c751e8b465ee728b)
Start importing Assets/LowPoly Rocks/FBX/Ground/Rock9.fbx using Guid(8beff6b3bf60d5940abef1e0eb42fb70) Importer(815301076,1909f56bfc062723c751e8b465ee728b)  -> (artifact id: '0f1c28fc89f88e9b86dfcb3dee9943ef') in 0.014135 seconds 
  Import took 0.016907 seconds .

========================================================================
Received Import Request.
  Time since last request: 0.000267 seconds.
  path: Assets/LowPoly Rocks/FBX/Ground/Rock11.fbx
  artifactKey: Guid(f5eb667268ae2ed40a94e47752030ce5) Importer(815301076,1909f56bfc062723c751e8b465ee728b)
Start importing Assets/LowPoly Rocks/FBX/Ground/Rock11.fbx using Guid(f5eb667268ae2ed40a94e47752030ce5) Importer(815301076,1909f56bfc062723c751e8b465ee728b)  -> (artifact id: 'fb51dc6032f22f540317a1aed716444b') in 0.023218 seconds 
  Import took 0.026762 seconds .

========================================================================
Received Import Request.
  Time since last request: 0.000190 seconds.
  path: Assets/LowPoly Rocks/FBX/Ground/Rock6.fbx
  artifactKey: Guid(78d8c60f364b56c468c7213af9ceda1e) Importer(815301076,1909f56bfc062723c751e8b465ee728b)
Start importing Assets/LowPoly Rocks/FBX/Ground/Rock6.fbx using Guid(78d8c60f364b56c468c7213af9ceda1e) Importer(815301076,1909f56bfc062723c751e8b465ee728b)  -> (artifact id: '7118b835859a661b6d8b598b9df7cb50') in 0.020994 seconds 
  Import took 0.023932 seconds .

========================================================================
Received Import Request.
  Time since last request: 0.000183 seconds.
  path: Assets/LowPoly Rocks/FBX/Ground/Rock8.fbx
  artifactKey: Guid(e46931e5fb541ca4a87fba28db805a06) Importer(815301076,1909f56bfc062723c751e8b465ee728b)
Start importing Assets/LowPoly Rocks/FBX/Ground/Rock8.fbx using Guid(e46931e5fb541ca4a87fba28db805a06) Importer(815301076,1909f56bfc062723c751e8b465ee728b)  -> (artifact id: '3756f57149358aff2f97382b93d864b2') in 0.014313 seconds 
  Import took 0.017280 seconds .

========================================================================
Received Import Request.
  Time since last request: 0.000213 seconds.
  path: Assets/LowPoly Rocks/FBX/Ground/Rock4.fbx
  artifactKey: Guid(08746d293fd827e429733f5c209aee54) Importer(815301076,1909f56bfc062723c751e8b465ee728b)
Start importing Assets/LowPoly Rocks/FBX/Ground/Rock4.fbx using Guid(08746d293fd827e429733f5c209aee54) Importer(815301076,1909f56bfc062723c751e8b465ee728b)  -> (artifact id: '83b978039a21dab73b4e7b4499d0b7f2') in 0.018177 seconds 
  Import took 0.022201 seconds .

========================================================================
Received Import Request.
  Time since last request: 0.000288 seconds.
  path: Assets/LowPoly Rocks/FBX/Ground/Rock2.fbx
  artifactKey: Guid(bb7152a7b4f594046ab64c75906b026b) Importer(815301076,1909f56bfc062723c751e8b465ee728b)
Start importing Assets/LowPoly Rocks/FBX/Ground/Rock2.fbx using Guid(bb7152a7b4f594046ab64c75906b026b) Importer(815301076,1909f56bfc062723c751e8b465ee728b)  -> (artifact id: 'b969fdbfb82e064ee45b1602022cef6b') in 0.014919 seconds 
  Import took 0.017912 seconds .

========================================================================
Received Import Request.
  Time since last request: 0.000167 seconds.
  path: Assets/LowPoly Rocks/FBX/Ground/Rock5.fbx
  artifactKey: Guid(a7d8b4930aed6ec4c9fa956479d8716a) Importer(815301076,1909f56bfc062723c751e8b465ee728b)
Start importing Assets/LowPoly Rocks/FBX/Ground/Rock5.fbx using Guid(a7d8b4930aed6ec4c9fa956479d8716a) Importer(815301076,1909f56bfc062723c751e8b465ee728b)  -> (artifact id: '58da15681dd6905162a1c93224215c9c') in 0.018246 seconds 
  Import took 0.021364 seconds .

========================================================================
Received Import Request.
  Time since last request: 2.298310 seconds.
  path: Assets/LowPoly Rocks/FBX/Stalagmites/Stalagmite1.fbx
  artifactKey: Guid(a9c8a5594dbb6c04fb0ba72fac312f1d) Importer(815301076,1909f56bfc062723c751e8b465ee728b)
Start importing Assets/LowPoly Rocks/FBX/Stalagmites/Stalagmite1.fbx using Guid(a9c8a5594dbb6c04fb0ba72fac312f1d) Importer(815301076,1909f56bfc062723c751e8b465ee728b)  -> (artifact id: '61f265048be3d5230e85f38a55cee17f') in 0.014180 seconds 
  Import took 0.017159 seconds .

========================================================================
Received Import Request.
  Time since last request: 0.000193 seconds.
  path: Assets/LowPoly Rocks/FBX/Stalagmites/Stalagmite2.fbx
  artifactKey: Guid(84e5b8f39f5731e4989a1989b31048ce) Importer(815301076,1909f56bfc062723c751e8b465ee728b)
Start importing Assets/LowPoly Rocks/FBX/Stalagmites/Stalagmite2.fbx using Guid(84e5b8f39f5731e4989a1989b31048ce) Importer(815301076,1909f56bfc062723c751e8b465ee728b)  -> (artifact id: 'ff3b75606c51678df053a63cdcafbffb') in 0.017552 seconds 
  Import took 0.020512 seconds .

========================================================================
Received Import Request.
  Time since last request: 0.000162 seconds.
  path: Assets/LowPoly Rocks/FBX/Stalagmites/Stalagmite5.fbx
  artifactKey: Guid(cfc17eed5b947134a9ba4f81f110afd9) Importer(815301076,1909f56bfc062723c751e8b465ee728b)
Start importing Assets/LowPoly Rocks/FBX/Stalagmites/Stalagmite5.fbx using Guid(cfc17eed5b947134a9ba4f81f110afd9) Importer(815301076,1909f56bfc062723c751e8b465ee728b)  -> (artifact id: '77c45985cfbef6eb84ca2e1a2a5b85ca') in 0.014942 seconds 
  Import took 0.018115 seconds .

========================================================================
Received Import Request.
  Time since last request: 0.000298 seconds.
  path: Assets/LowPoly Rocks/FBX/Stalagmites/Stalagmite4.fbx
  artifactKey: Guid(64f69f1df7e2cab499fb7f2f2b5ea659) Importer(815301076,1909f56bfc062723c751e8b465ee728b)
Start importing Assets/LowPoly Rocks/FBX/Stalagmites/Stalagmite4.fbx using Guid(64f69f1df7e2cab499fb7f2f2b5ea659) Importer(815301076,1909f56bfc062723c751e8b465ee728b)  -> (artifact id: '35e123c13a8630ae21f5d4cd39cc99da') in 0.016346 seconds 
  Import took 0.019274 seconds .

========================================================================
Received Import Request.
  Time since last request: 0.000185 seconds.
  path: Assets/LowPoly Rocks/FBX/Stalagmites/Stalagmite3.fbx
  artifactKey: Guid(2424df910b911024bbf3b97966607584) Importer(815301076,1909f56bfc062723c751e8b465ee728b)
Start importing Assets/LowPoly Rocks/FBX/Stalagmites/Stalagmite3.fbx using Guid(2424df910b911024bbf3b97966607584) Importer(815301076,1909f56bfc062723c751e8b465ee728b)  -> (artifact id: '129d55f683f94d6739c059608d7ebf91') in 0.022374 seconds 
  Import took 0.025130 seconds .

========================================================================
Received Import Request.
  Time since last request: 78.671832 seconds.
  path: Assets/LowPoly Rocks/Prefabs/Rock1.prefab
  artifactKey: Guid(8d931b3fb82717949a490ba2479926c4) Importer(815301076,1909f56bfc062723c751e8b465ee728b)
Start importing Assets/LowPoly Rocks/Prefabs/Rock1.prefab using Guid(8d931b3fb82717949a490ba2479926c4) Importer(815301076,1909f56bfc062723c751e8b465ee728b)  -> (artifact id: 'cf33bec8a19abb4959495860657bf2b4') in 0.012126 seconds 
  Import took 0.016127 seconds .

========================================================================
Received Import Request.
  Time since last request: 0.000246 seconds.
  path: Assets/LowPoly Rocks/Prefabs/Rock8.prefab
  artifactKey: Guid(f0b038078591d7441bbc6586bbc421d2) Importer(815301076,1909f56bfc062723c751e8b465ee728b)
Start importing Assets/LowPoly Rocks/Prefabs/Rock8.prefab using Guid(f0b038078591d7441bbc6586bbc421d2) Importer(815301076,1909f56bfc062723c751e8b465ee728b)  -> (artifact id: '677b4c1e5b64273043c0e9e7d57121ad') in 0.009330 seconds 
  Import took 0.012825 seconds .

========================================================================
Received Import Request.
  Time since last request: 0.000308 seconds.
  path: Assets/LowPoly Rocks/Prefabs/Rock2.prefab
  artifactKey: Guid(1d7cf80ff985b3d4da86a46d77ed1a1e) Importer(815301076,1909f56bfc062723c751e8b465ee728b)
Start importing Assets/LowPoly Rocks/Prefabs/Rock2.prefab using Guid(1d7cf80ff985b3d4da86a46d77ed1a1e) Importer(815301076,1909f56bfc062723c751e8b465ee728b)  -> (artifact id: 'adceb76ec2e6d33127ffb8aa746f72cc') in 0.013846 seconds 
  Import took 0.019173 seconds .

========================================================================
Received Import Request.
  Time since last request: 0.000257 seconds.
  path: Assets/LowPoly Rocks/Prefabs/Stalagmite2.prefab
  artifactKey: Guid(20ae9eb2042a9a649bd7d5567eadd2fc) Importer(815301076,1909f56bfc062723c751e8b465ee728b)
Start importing Assets/LowPoly Rocks/Prefabs/Stalagmite2.prefab using Guid(20ae9eb2042a9a649bd7d5567eadd2fc) Importer(815301076,1909f56bfc062723c751e8b465ee728b)  -> (artifact id: 'cda76b21a0ae781fc05ac5105f785004') in 0.009169 seconds 
  Import took 0.013563 seconds .

========================================================================
Received Import Request.
  Time since last request: 0.000249 seconds.
  path: Assets/LowPoly Rocks/Prefabs/Rock4.prefab
  artifactKey: Guid(a60a8f0bf6c2c2e43959578425ce1015) Importer(815301076,1909f56bfc062723c751e8b465ee728b)
Start importing Assets/LowPoly Rocks/Prefabs/Rock4.prefab using Guid(a60a8f0bf6c2c2e43959578425ce1015) Importer(815301076,1909f56bfc062723c751e8b465ee728b)  -> (artifact id: '7b3a7d8b00be27277c9dc382ef284b44') in 0.009691 seconds 
  Import took 0.012757 seconds .

========================================================================
Received Import Request.
  Time since last request: 0.000152 seconds.
  path: Assets/LowPoly Rocks/Prefabs/Stalagmite4.prefab
  artifactKey: Guid(bd427175c8c6e874cb6cd18814401491) Importer(815301076,1909f56bfc062723c751e8b465ee728b)
Start importing Assets/LowPoly Rocks/Prefabs/Stalagmite4.prefab using Guid(bd427175c8c6e874cb6cd18814401491) Importer(815301076,1909f56bfc062723c751e8b465ee728b)  -> (artifact id: '252c9f78ff81f0a6e80d185f3eb467b3') in 0.010608 seconds 
  Import took 0.014721 seconds .

========================================================================
Received Import Request.
  Time since last request: 0.000276 seconds.
  path: Assets/LowPoly Rocks/Prefabs/Rock3.prefab
  artifactKey: Guid(a9b2c2ea8472caa40b47a88cf3badc04) Importer(815301076,1909f56bfc062723c751e8b465ee728b)
Start importing Assets/LowPoly Rocks/Prefabs/Rock3.prefab using Guid(a9b2c2ea8472caa40b47a88cf3badc04) Importer(815301076,1909f56bfc062723c751e8b465ee728b)  -> (artifact id: '952225a61b4a3990af2941d147bafb5d') in 0.013831 seconds 
  Import took 0.017029 seconds .

========================================================================
Received Import Request.
  Time since last request: 0.000185 seconds.
  path: Assets/LowPoly Rocks/Prefabs/Rock10.prefab
  artifactKey: Guid(2934d248fbf71ae43908c5dba87ac6e5) Importer(815301076,1909f56bfc062723c751e8b465ee728b)
Start importing Assets/LowPoly Rocks/Prefabs/Rock10.prefab using Guid(2934d248fbf71ae43908c5dba87ac6e5) Importer(815301076,1909f56bfc062723c751e8b465ee728b)  -> (artifact id: '3f8b84eec4bd8d056153a05c5ee2a3bd') in 0.013845 seconds 
  Import took 0.017527 seconds .

========================================================================
Received Import Request.
  Time since last request: 0.000303 seconds.
  path: Assets/LowPoly Rocks/Prefabs/Stalagmite1.prefab
  artifactKey: Guid(a01382f4fef9dda44bfc417604e578b8) Importer(815301076,1909f56bfc062723c751e8b465ee728b)
Start importing Assets/LowPoly Rocks/Prefabs/Stalagmite1.prefab using Guid(a01382f4fef9dda44bfc417604e578b8) Importer(815301076,1909f56bfc062723c751e8b465ee728b)  -> (artifact id: 'cb011e20fc3df68410fbd2fec24b54b4') in 0.008959 seconds 
  Import took 0.012556 seconds .

========================================================================
Received Import Request.
  Time since last request: 0.000182 seconds.
  path: Assets/LowPoly Rocks/Prefabs/Rock11.prefab
  artifactKey: Guid(5f392814e5dcb6a45b0380e07be63338) Importer(815301076,1909f56bfc062723c751e8b465ee728b)
Start importing Assets/LowPoly Rocks/Prefabs/Rock11.prefab using Guid(5f392814e5dcb6a45b0380e07be63338) Importer(815301076,1909f56bfc062723c751e8b465ee728b)  -> (artifact id: '03b96650af69deea1258d8e0f0c609c4') in 0.009663 seconds 
  Import took 0.012987 seconds .

========================================================================
Received Import Request.
  Time since last request: 0.000182 seconds.
  path: Assets/LowPoly Rocks/Prefabs/Rock7.prefab
  artifactKey: Guid(40cdb1261502c5147946ac48cebac02b) Importer(815301076,1909f56bfc062723c751e8b465ee728b)
Start importing Assets/LowPoly Rocks/Prefabs/Rock7.prefab using Guid(40cdb1261502c5147946ac48cebac02b) Importer(815301076,1909f56bfc062723c751e8b465ee728b)  -> (artifact id: '4481af6fac35ae7f65e7f869fe75a065') in 0.014371 seconds 
  Import took 0.017630 seconds .

========================================================================
Received Import Request.
  Time since last request: 0.000193 seconds.
  path: Assets/LowPoly Rocks/Prefabs/Rock5.prefab
  artifactKey: Guid(345663e86a7f60545b8ec4a8ef734d07) Importer(815301076,1909f56bfc062723c751e8b465ee728b)
Start importing Assets/LowPoly Rocks/Prefabs/Rock5.prefab using Guid(345663e86a7f60545b8ec4a8ef734d07) Importer(815301076,1909f56bfc062723c751e8b465ee728b)  -> (artifact id: 'a17eeabd60fcb79743fba684735224bb') in 0.012921 seconds 
  Import took 0.015916 seconds .

========================================================================
Received Import Request.
  Time since last request: 0.000180 seconds.
  path: Assets/LowPoly Rocks/Prefabs/Rock9.prefab
  artifactKey: Guid(087932bfd0e7db149b7e604943e47caf) Importer(815301076,1909f56bfc062723c751e8b465ee728b)
Start importing Assets/LowPoly Rocks/Prefabs/Rock9.prefab using Guid(087932bfd0e7db149b7e604943e47caf) Importer(815301076,1909f56bfc062723c751e8b465ee728b)  -> (artifact id: '2ac4f9ad5e3018f9b1a9640b863fdf36') in 0.009248 seconds 
  Import took 0.013589 seconds .

========================================================================
Received Import Request.
  Time since last request: 0.000249 seconds.
  path: Assets/LowPoly Rocks/Prefabs/Stalagmite5.prefab
  artifactKey: Guid(7f29d7b2a9defc84392ee3f65ac49455) Importer(815301076,1909f56bfc062723c751e8b465ee728b)
Start importing Assets/LowPoly Rocks/Prefabs/Stalagmite5.prefab using Guid(7f29d7b2a9defc84392ee3f65ac49455) Importer(815301076,1909f56bfc062723c751e8b465ee728b)  -> (artifact id: 'd9ec95a045dd4f925a7fc7c00dd349af') in 0.010615 seconds 
  Import took 0.014056 seconds .

========================================================================
Received Import Request.
  Time since last request: 0.000195 seconds.
  path: Assets/LowPoly Rocks/Prefabs/Stalagmite3.prefab
  artifactKey: Guid(52e86cf63f5a28643b9ff6c47eec24cf) Importer(815301076,1909f56bfc062723c751e8b465ee728b)
Start importing Assets/LowPoly Rocks/Prefabs/Stalagmite3.prefab using Guid(52e86cf63f5a28643b9ff6c47eec24cf) Importer(815301076,1909f56bfc062723c751e8b465ee728b)  -> (artifact id: '2376b6bbfbbbf2b86e8a811b0656c3f2') in 0.008903 seconds 
  Import took 0.012202 seconds .

========================================================================
Received Import Request.
  Time since last request: 0.000352 seconds.
  path: Assets/LowPoly Rocks/Prefabs/Rock6.prefab
  artifactKey: Guid(d052e3fbbc0929a408e720b491187572) Importer(815301076,1909f56bfc062723c751e8b465ee728b)
Start importing Assets/LowPoly Rocks/Prefabs/Rock6.prefab using Guid(d052e3fbbc0929a408e720b491187572) Importer(815301076,1909f56bfc062723c751e8b465ee728b)  -> (artifact id: '429ddb222d4f27eecbe8c5aefda17e03') in 0.012292 seconds 
  Import took 0.016563 seconds .

========================================================================
Received Prepare
Registering precompiled user dll's ...
Registered in 0.004512 seconds.
Begin MonoManager ReloadAssembly
Native extension for WindowsStandalone target not found
Native extension for WebGL target not found
Refreshing native plugins compatible for Editor in 0.50 ms, found 2 plugins.
Preloading 0 native plugins for Editor in 0.00 ms.
Mono: successfully reloaded assembly
- Completed reload, in  1.027 seconds
Domain Reload Profiling:
	ReloadAssembly (1028ms)
		BeginReloadAssembly (117ms)
			ExecutionOrderSort (0ms)
			DisableScriptedObjects (4ms)
			BackupInstance (0ms)
			ReleaseScriptingObjects (0ms)
			CreateAndSetChildDomain (35ms)
		EndReloadAssembly (838ms)
			LoadAssemblies (94ms)
			RebuildTransferFunctionScriptingTraits (0ms)
			SetupTypeCache (278ms)
			ReleaseScriptCaches (1ms)
			RebuildScriptCaches (41ms)
			SetupLoadedEditorAssemblies (328ms)
				LogAssemblyErrors (0ms)
				InitializePlatformSupportModulesInManaged (8ms)
				SetLoadedEditorAssemblies (0ms)
				RefreshPlugins (1ms)
				BeforeProcessingInitializeOnLoad (94ms)
				ProcessInitializeOnLoadAttributes (209ms)
				ProcessInitializeOnLoadMethodAttributes (8ms)
				AfterProcessingInitializeOnLoad (8ms)
				EditorAssembliesLoaded (0ms)
			ExecutionOrderSort2 (0ms)
			AwakeInstancesAfterBackupRestoration (8ms)
Platform modules already initialized, skipping
Refreshing native plugins compatible for Editor in 0.99 ms, found 2 plugins.
Preloading 0 native plugins for Editor in 0.00 ms.
Unloading 1646 Unused Serialized files (Serialized files now loaded: 0)
System memory in use before: 89.0 MB.
System memory in use after: 89.1 MB.

Unloading 15 unused Assets to reduce memory usage. Loaded Objects now: 2147.
Total: 2.681400 ms (FindLiveObjects: 0.211700 ms CreateObjectMapping: 0.036700 ms MarkObjects: 2.415500 ms  DeleteObjects: 0.016400 ms)

AssetImportParameters requested are different than current active one (requested -> active):
  custom:framework-win-MediaFoundation: 216162199b28c13a410421893ffa2e32 -> 
  custom:video-decoder-ogg-theora: a1e56fd34408186e4bbccfd4996cb3dc -> 
  custom:container-muxer-webm: aa71ff27fc2769a1b78a27578f13a17b -> 
  custom:container-demuxer-webm: 4f35f7cbe854078d1ac9338744f61a02 -> 
  custom:container-demuxer-ogg: 62fdf1f143b41e24485cea50d1cbac27 -> 
  custom:video-encoder-webm-vp8: eb34c28f22e8b96e1ab97ce403110664 -> 
  custom:video-decoder-webm-vp8: 9c59270c3fd7afecdb556c50c9e8de78 -> 
  custom:audio-decoder-ogg-vorbis: bf7c407c2cedff20999df2af8eb42d56 -> 
  custom:audio-encoder-webm-vorbis: bf7c407c2cedff20999df2af8eb42d56 -> 
========================================================================
Received Prepare
Registering precompiled user dll's ...
Registered in 0.010177 seconds.
Begin MonoManager ReloadAssembly
Native extension for WindowsStandalone target not found
Native extension for WebGL target not found
Refreshing native plugins compatible for Editor in 0.49 ms, found 2 plugins.
Preloading 0 native plugins for Editor in 0.00 ms.
Mono: successfully reloaded assembly
- Completed reload, in  1.247 seconds
Domain Reload Profiling:
	ReloadAssembly (1248ms)
		BeginReloadAssembly (173ms)
			ExecutionOrderSort (0ms)
			DisableScriptedObjects (6ms)
			BackupInstance (0ms)
			ReleaseScriptingObjects (0ms)
			CreateAndSetChildDomain (55ms)
		EndReloadAssembly (970ms)
			LoadAssemblies (133ms)
			RebuildTransferFunctionScriptingTraits (0ms)
			SetupTypeCache (384ms)
			ReleaseScriptCaches (1ms)
			RebuildScriptCaches (50ms)
			SetupLoadedEditorAssemblies (322ms)
				LogAssemblyErrors (0ms)
				InitializePlatformSupportModulesInManaged (6ms)
				SetLoadedEditorAssemblies (1ms)
				RefreshPlugins (1ms)
				BeforeProcessingInitializeOnLoad (83ms)
				ProcessInitializeOnLoadAttributes (212ms)
				ProcessInitializeOnLoadMethodAttributes (10ms)
				AfterProcessingInitializeOnLoad (9ms)
				EditorAssembliesLoaded (0ms)
			ExecutionOrderSort2 (0ms)
			AwakeInstancesAfterBackupRestoration (7ms)
Platform modules already initialized, skipping
Refreshing native plugins compatible for Editor in 0.50 ms, found 2 plugins.
Preloading 0 native plugins for Editor in 0.00 ms.
Unloading 1646 Unused Serialized files (Serialized files now loaded: 0)
System memory in use before: 89.0 MB.
System memory in use after: 89.1 MB.

Unloading 15 unused Assets to reduce memory usage. Loaded Objects now: 2149.
Total: 2.733800 ms (FindLiveObjects: 0.191300 ms CreateObjectMapping: 0.035000 ms MarkObjects: 2.492100 ms  DeleteObjects: 0.014500 ms)

AssetImportParameters requested are different than current active one (requested -> active):
  custom:framework-win-MediaFoundation: 216162199b28c13a410421893ffa2e32 -> 
  custom:video-decoder-ogg-theora: a1e56fd34408186e4bbccfd4996cb3dc -> 
  custom:container-muxer-webm: aa71ff27fc2769a1b78a27578f13a17b -> 
  custom:container-demuxer-webm: 4f35f7cbe854078d1ac9338744f61a02 -> 
  custom:container-demuxer-ogg: 62fdf1f143b41e24485cea50d1cbac27 -> 
  custom:video-encoder-webm-vp8: eb34c28f22e8b96e1ab97ce403110664 -> 
  custom:video-decoder-webm-vp8: 9c59270c3fd7afecdb556c50c9e8de78 -> 
  custom:audio-decoder-ogg-vorbis: bf7c407c2cedff20999df2af8eb42d56 -> 
  custom:audio-encoder-webm-vorbis: bf7c407c2cedff20999df2af8eb42d56 -> 
========================================================================
Received Prepare
Registering precompiled user dll's ...
Registered in 0.005308 seconds.
Begin MonoManager ReloadAssembly
Native extension for WindowsStandalone target not found
Native extension for WebGL target not found
Refreshing native plugins compatible for Editor in 0.58 ms, found 2 plugins.
Preloading 0 native plugins for Editor in 0.00 ms.
Mono: successfully reloaded assembly
- Completed reload, in  1.088 seconds
Domain Reload Profiling:
	ReloadAssembly (1089ms)
		BeginReloadAssembly (124ms)
			ExecutionOrderSort (0ms)
			DisableScriptedObjects (5ms)
			BackupInstance (0ms)
			ReleaseScriptingObjects (0ms)
			CreateAndSetChildDomain (44ms)
		EndReloadAssembly (891ms)
			LoadAssemblies (92ms)
			RebuildTransferFunctionScriptingTraits (0ms)
			SetupTypeCache (311ms)
			ReleaseScriptCaches (1ms)
			RebuildScriptCaches (51ms)
			SetupLoadedEditorAssemblies (330ms)
				LogAssemblyErrors (0ms)
				InitializePlatformSupportModulesInManaged (6ms)
				SetLoadedEditorAssemblies (0ms)
				RefreshPlugins (1ms)
				BeforeProcessingInitializeOnLoad (89ms)
				ProcessInitializeOnLoadAttributes (216ms)
				ProcessInitializeOnLoadMethodAttributes (8ms)
				AfterProcessingInitializeOnLoad (9ms)
				EditorAssembliesLoaded (0ms)
			ExecutionOrderSort2 (0ms)
			AwakeInstancesAfterBackupRestoration (7ms)
Platform modules already initialized, skipping
Refreshing native plugins compatible for Editor in 0.49 ms, found 2 plugins.
Preloading 0 native plugins for Editor in 0.00 ms.
Unloading 1646 Unused Serialized files (Serialized files now loaded: 0)
System memory in use before: 89.0 MB.
System memory in use after: 89.1 MB.

Unloading 15 unused Assets to reduce memory usage. Loaded Objects now: 2151.
Total: 4.095700 ms (FindLiveObjects: 0.451700 ms CreateObjectMapping: 0.058800 ms MarkObjects: 3.567200 ms  DeleteObjects: 0.016800 ms)

AssetImportParameters requested are different than current active one (requested -> active):
  custom:framework-win-MediaFoundation: 216162199b28c13a410421893ffa2e32 -> 
  custom:video-decoder-ogg-theora: a1e56fd34408186e4bbccfd4996cb3dc -> 
  custom:container-muxer-webm: aa71ff27fc2769a1b78a27578f13a17b -> 
  custom:container-demuxer-webm: 4f35f7cbe854078d1ac9338744f61a02 -> 
  custom:container-demuxer-ogg: 62fdf1f143b41e24485cea50d1cbac27 -> 
  custom:video-encoder-webm-vp8: eb34c28f22e8b96e1ab97ce403110664 -> 
  custom:video-decoder-webm-vp8: 9c59270c3fd7afecdb556c50c9e8de78 -> 
  custom:audio-decoder-ogg-vorbis: bf7c407c2cedff20999df2af8eb42d56 -> 
  custom:audio-encoder-webm-vorbis: bf7c407c2cedff20999df2af8eb42d56 -> 
========================================================================
Received Prepare
Registering precompiled user dll's ...
Registered in 0.005237 seconds.
Begin MonoManager ReloadAssembly
Native extension for WindowsStandalone target not found
Native extension for WebGL target not found
Refreshing native plugins compatible for Editor in 0.72 ms, found 2 plugins.
Preloading 0 native plugins for Editor in 0.00 ms.
Mono: successfully reloaded assembly
- Completed reload, in  0.999 seconds
Domain Reload Profiling:
	ReloadAssembly (1000ms)
		BeginReloadAssembly (103ms)
			ExecutionOrderSort (0ms)
			DisableScriptedObjects (6ms)
			BackupInstance (0ms)
			ReleaseScriptingObjects (0ms)
			CreateAndSetChildDomain (30ms)
		EndReloadAssembly (833ms)
			LoadAssemblies (89ms)
			RebuildTransferFunctionScriptingTraits (0ms)
			SetupTypeCache (281ms)
			ReleaseScriptCaches (1ms)
			RebuildScriptCaches (41ms)
			SetupLoadedEditorAssemblies (315ms)
				LogAssemblyErrors (0ms)
				InitializePlatformSupportModulesInManaged (6ms)
				SetLoadedEditorAssemblies (1ms)
				RefreshPlugins (1ms)
				BeforeProcessingInitializeOnLoad (94ms)
				ProcessInitializeOnLoadAttributes (194ms)
				ProcessInitializeOnLoadMethodAttributes (12ms)
				AfterProcessingInitializeOnLoad (8ms)
				EditorAssembliesLoaded (0ms)
			ExecutionOrderSort2 (0ms)
			AwakeInstancesAfterBackupRestoration (7ms)
Platform modules already initialized, skipping
Refreshing native plugins compatible for Editor in 0.49 ms, found 2 plugins.
Preloading 0 native plugins for Editor in 0.00 ms.
Unloading 1646 Unused Serialized files (Serialized files now loaded: 0)
System memory in use before: 89.0 MB.
System memory in use after: 89.1 MB.

Unloading 15 unused Assets to reduce memory usage. Loaded Objects now: 2153.
Total: 3.159500 ms (FindLiveObjects: 0.195200 ms CreateObjectMapping: 0.034300 ms MarkObjects: 2.912000 ms  DeleteObjects: 0.016400 ms)

AssetImportParameters requested are different than current active one (requested -> active):
  custom:framework-win-MediaFoundation: 216162199b28c13a410421893ffa2e32 -> 
  custom:video-decoder-ogg-theora: a1e56fd34408186e4bbccfd4996cb3dc -> 
  custom:container-muxer-webm: aa71ff27fc2769a1b78a27578f13a17b -> 
  custom:container-demuxer-webm: 4f35f7cbe854078d1ac9338744f61a02 -> 
  custom:container-demuxer-ogg: 62fdf1f143b41e24485cea50d1cbac27 -> 
  custom:video-encoder-webm-vp8: eb34c28f22e8b96e1ab97ce403110664 -> 
  custom:video-decoder-webm-vp8: 9c59270c3fd7afecdb556c50c9e8de78 -> 
  custom:audio-decoder-ogg-vorbis: bf7c407c2cedff20999df2af8eb42d56 -> 
  custom:audio-encoder-webm-vorbis: bf7c407c2cedff20999df2af8eb42d56 -> 
========================================================================
Received Prepare
Registering precompiled user dll's ...
Registered in 0.005849 seconds.
Begin MonoManager ReloadAssembly
Native extension for WindowsStandalone target not found
Native extension for WebGL target not found
Refreshing native plugins compatible for Editor in 0.42 ms, found 2 plugins.
Preloading 0 native plugins for Editor in 0.00 ms.
Mono: successfully reloaded assembly
- Completed reload, in  0.981 seconds
Domain Reload Profiling:
	ReloadAssembly (982ms)
		BeginReloadAssembly (116ms)
			ExecutionOrderSort (0ms)
			DisableScriptedObjects (4ms)
			BackupInstance (0ms)
			ReleaseScriptingObjects (0ms)
			CreateAndSetChildDomain (38ms)
		EndReloadAssembly (795ms)
			LoadAssemblies (97ms)
			RebuildTransferFunctionScriptingTraits (0ms)
			SetupTypeCache (278ms)
			ReleaseScriptCaches (1ms)
			RebuildScriptCaches (39ms)
			SetupLoadedEditorAssemblies (298ms)
				LogAssemblyErrors (0ms)
				InitializePlatformSupportModulesInManaged (5ms)
				SetLoadedEditorAssemblies (0ms)
				RefreshPlugins (0ms)
				BeforeProcessingInitializeOnLoad (82ms)
				ProcessInitializeOnLoadAttributes (194ms)
				ProcessInitializeOnLoadMethodAttributes (9ms)
				AfterProcessingInitializeOnLoad (7ms)
				EditorAssembliesLoaded (0ms)
			ExecutionOrderSort2 (0ms)
			AwakeInstancesAfterBackupRestoration (7ms)
Platform modules already initialized, skipping
Refreshing native plugins compatible for Editor in 0.43 ms, found 2 plugins.
Preloading 0 native plugins for Editor in 0.00 ms.
Unloading 1646 Unused Serialized files (Serialized files now loaded: 0)
System memory in use before: 89.0 MB.
System memory in use after: 89.1 MB.

Unloading 15 unused Assets to reduce memory usage. Loaded Objects now: 2155.
Total: 2.824600 ms (FindLiveObjects: 0.162000 ms CreateObjectMapping: 0.035000 ms MarkObjects: 2.611100 ms  DeleteObjects: 0.014900 ms)

AssetImportParameters requested are different than current active one (requested -> active):
  custom:framework-win-MediaFoundation: 216162199b28c13a410421893ffa2e32 -> 
  custom:video-decoder-ogg-theora: a1e56fd34408186e4bbccfd4996cb3dc -> 
  custom:container-muxer-webm: aa71ff27fc2769a1b78a27578f13a17b -> 
  custom:container-demuxer-webm: 4f35f7cbe854078d1ac9338744f61a02 -> 
  custom:container-demuxer-ogg: 62fdf1f143b41e24485cea50d1cbac27 -> 
  custom:video-encoder-webm-vp8: eb34c28f22e8b96e1ab97ce403110664 -> 
  custom:video-decoder-webm-vp8: 9c59270c3fd7afecdb556c50c9e8de78 -> 
  custom:audio-decoder-ogg-vorbis: bf7c407c2cedff20999df2af8eb42d56 -> 
  custom:audio-encoder-webm-vorbis: bf7c407c2cedff20999df2af8eb42d56 -> 
========================================================================
Received Import Request.
  Time since last request: 1077.331410 seconds.
  path: Assets/Materials/Ground-brown.mat
  artifactKey: Guid(4c9924e6458ea5b45a584835a6478ea3) Importer(815301076,1909f56bfc062723c751e8b465ee728b)
Start importing Assets/Materials/Ground-brown.mat using Guid(4c9924e6458ea5b45a584835a6478ea3) Importer(815301076,1909f56bfc062723c751e8b465ee728b)  -> (artifact id: '4c87ecd92b63a809cd245d3726256abe') in 0.067994 seconds 
  Import took 0.070960 seconds .

========================================================================
Received Import Request.
  Time since last request: 0.000151 seconds.
  path: Assets/Materials/Platform-black.mat
  artifactKey: Guid(9079bd55725346349bd9e4950840093e) Importer(815301076,1909f56bfc062723c751e8b465ee728b)
Start importing Assets/Materials/Platform-black.mat using Guid(9079bd55725346349bd9e4950840093e) Importer(815301076,1909f56bfc062723c751e8b465ee728b)  -> (artifact id: '27d2a126dab913cb86e7628dca489f73') in 0.017327 seconds 
  Import took 0.020065 seconds .

========================================================================
Received Import Request.
  Time since last request: 4.585228 seconds.
  path: Assets/Scenes/Sandbox.unity
  artifactKey: Guid(9fc0d4010bbf28b4594072e72b8655ab) Importer(815301076,1909f56bfc062723c751e8b465ee728b)
Start importing Assets/Scenes/Sandbox.unity using Guid(9fc0d4010bbf28b4594072e72b8655ab) Importer(815301076,1909f56bfc062723c751e8b465ee728b)  -> (artifact id: '77c8799687ef5b136e39bd03beafe7be') in 0.007146 seconds 
  Import took 0.010229 seconds .

========================================================================
Received Import Request.
  Time since last request: 50.910595 seconds.
  path: Assets/Scenes/Level 1.unity
  artifactKey: Guid(5ff74be517ccb864891888c64699a9e6) Importer(815301076,1909f56bfc062723c751e8b465ee728b)
Start importing Assets/Scenes/Level 1.unity using Guid(5ff74be517ccb864891888c64699a9e6) Importer(815301076,1909f56bfc062723c751e8b465ee728b)  -> (artifact id: '7da8d686465cbb42b10f043c6b4bfff4') in 0.006916 seconds 
  Import took 0.010091 seconds .

========================================================================
Received Import Request.
  Time since last request: 17.796963 seconds.
  path: Packages/com.unity.ext.nunit
  artifactKey: Guid(25a477c2f24db8778a4179421a32cc21) Importer(815301076,1909f56bfc062723c751e8b465ee728b)
Start importing Packages/com.unity.ext.nunit using Guid(25a477c2f24db8778a4179421a32cc21) Importer(815301076,1909f56bfc062723c751e8b465ee728b)  -> (artifact id: 'de8b3f671dc9f0a57b867a67d4aae8de') in 0.006684 seconds 
  Import took 0.009497 seconds .

========================================================================
Received Import Request.
  Time since last request: 0.113138 seconds.
  path: Packages/com.unity.ext.nunit/package.json
  artifactKey: Guid(8143d3a8390f2c64685e3bc272bd9e90) Importer(815301076,1909f56bfc062723c751e8b465ee728b)
Start importing Packages/com.unity.ext.nunit/package.json using Guid(8143d3a8390f2c64685e3bc272bd9e90) Importer(815301076,1909f56bfc062723c751e8b465ee728b)  -> (artifact id: '36f449bd9ed4a92e06d659da724da745') in 0.011603 seconds 
  Import took 0.014707 seconds .

========================================================================
Received Import Request.
  Time since last request: 3.030530 seconds.
  path: Packages/com.unity.ide.rider
  artifactKey: Guid(ea5aa18a49e4f29d74984ea0ea11a238) Importer(815301076,1909f56bfc062723c751e8b465ee728b)
Start importing Packages/com.unity.ide.rider using Guid(ea5aa18a49e4f29d74984ea0ea11a238) Importer(815301076,1909f56bfc062723c751e8b465ee728b)  -> (artifact id: '38d02623396ab86594f3405d33b9714f') in 0.006440 seconds 
  Import took 0.009957 seconds .

========================================================================
Received Import Request.
  Time since last request: 0.494212 seconds.
  path: Packages/com.unity.nuget.newtonsoft-json
  artifactKey: Guid(7e7d2b05dd6ea119ce16861d56d99a82) Importer(815301076,1909f56bfc062723c751e8b465ee728b)
Start importing Packages/com.unity.nuget.newtonsoft-json using Guid(7e7d2b05dd6ea119ce16861d56d99a82) Importer(815301076,1909f56bfc062723c751e8b465ee728b)  -> (artifact id: 'fa4b8fa352b752a3e644067b33aa63ec') in 0.007230 seconds 
  Import took 0.010166 seconds .

========================================================================
Received Import Request.
  Time since last request: 0.897365 seconds.
  path: Packages/com.unity.services.core
  artifactKey: Guid(3c952e89bf6b2a98a63dad340d4211e2) Importer(815301076,1909f56bfc062723c751e8b465ee728b)
Start importing Packages/com.unity.services.core using Guid(3c952e89bf6b2a98a63dad340d4211e2) Importer(815301076,1909f56bfc062723c751e8b465ee728b)  -> (artifact id: '18edced15c1d57d4f2bccd26a466dc71') in 0.006664 seconds 
  Import took 0.009886 seconds .

========================================================================
Received Import Request.
  Time since last request: 0.507315 seconds.
  path: Packages/com.unity.test-framework
  artifactKey: Guid(6023f2b823fc19b4e4a90875281ff117) Importer(815301076,1909f56bfc062723c751e8b465ee728b)
Start importing Packages/com.unity.test-framework using Guid(6023f2b823fc19b4e4a90875281ff117) Importer(815301076,1909f56bfc062723c751e8b465ee728b)  -> (artifact id: '7b3fecfc8d873fe96244889d860a7252') in 0.006631 seconds 
  Import took 0.009272 seconds .

========================================================================
Received Import Request.
  Time since last request: 0.978993 seconds.
  path: Packages/com.unity.cinemachine
  artifactKey: Guid(c19eb9a4b328654bd4ca551e1c34b76c) Importer(815301076,1909f56bfc062723c751e8b465ee728b)
Start importing Packages/com.unity.cinemachine using Guid(c19eb9a4b328654bd4ca551e1c34b76c) Importer(815301076,1909f56bfc062723c751e8b465ee728b)  -> (artifact id: '13595a645e76ec49928acaf6d7bb5972') in 0.006631 seconds 
  Import took 0.009406 seconds .

========================================================================
Received Import Request.
  Time since last request: 15.930758 seconds.
  path: Assets/Extra/Customizable Skybox
  artifactKey: Guid(d8bbe266d322c1a4db5dcd2d446f1bf5) Importer(815301076,1909f56bfc062723c751e8b465ee728b)
Start importing Assets/Extra/Customizable Skybox using Guid(d8bbe266d322c1a4db5dcd2d446f1bf5) Importer(815301076,1909f56bfc062723c751e8b465ee728b)  -> (artifact id: '7330247f535b4d225ec3551a684d2580') in 0.006389 seconds 
  Import took 0.010183 seconds .

========================================================================
Received Import Request.
  Time since last request: 1.617556 seconds.
  path: Assets/Extra/Customizable Skybox/Stylized Sky
  artifactKey: Guid(135450dfab8085c4ebd673f58f013df4) Importer(815301076,1909f56bfc062723c751e8b465ee728b)
Start importing Assets/Extra/Customizable Skybox/Stylized Sky using Guid(135450dfab8085c4ebd673f58f013df4) Importer(815301076,1909f56bfc062723c751e8b465ee728b)  -> (artifact id: '3d4399e9de2aac17b8f3f05fcd6d56bd') in 0.008892 seconds 
  Import took 0.011905 seconds .

========================================================================
Received Import Request.
  Time since last request: 1.732611 seconds.
  path: Assets/Extra/Customizable Skybox/Stylized Sky/Materials
  artifactKey: Guid(57832ac6c71e6b44ebdf2a754a4b62d4) Importer(815301076,1909f56bfc062723c751e8b465ee728b)
Start importing Assets/Extra/Customizable Skybox/Stylized Sky/Materials using Guid(57832ac6c71e6b44ebdf2a754a4b62d4) Importer(815301076,1909f56bfc062723c751e8b465ee728b)  -> (artifact id: 'ebf84e18aa4af00332d631e33b0a6057') in 0.005943 seconds 
  Import took 0.008699 seconds .

========================================================================
Received Import Request.
  Time since last request: 0.068599 seconds.
  path: Assets/Extra/Customizable Skybox/Stylized Sky/Materials/Day1.mat
  artifactKey: Guid(9aa8ed67591432941bb76f12eb23ff91) Importer(815301076,1909f56bfc062723c751e8b465ee728b)
Start importing Assets/Extra/Customizable Skybox/Stylized Sky/Materials/Day1.mat using Guid(9aa8ed67591432941bb76f12eb23ff91) Importer(815301076,1909f56bfc062723c751e8b465ee728b)  -> (artifact id: 'd062a59c20e56910be9988683cca3009') in 0.016476 seconds 
  Import took 0.019365 seconds .

========================================================================
Received Import Request.
  Time since last request: 0.000172 seconds.
  path: Assets/Extra/Customizable Skybox/Stylized Sky/Materials/Day6.mat
  artifactKey: Guid(bbbcd551076325545ba102ba8c308520) Importer(815301076,1909f56bfc062723c751e8b465ee728b)
Start importing Assets/Extra/Customizable Skybox/Stylized Sky/Materials/Day6.mat using Guid(bbbcd551076325545ba102ba8c308520) Importer(815301076,1909f56bfc062723c751e8b465ee728b)  -> (artifact id: 'bc2eb939d4f838d92f5bef12af813267') in 0.019509 seconds 
  Import took 0.022132 seconds .

========================================================================
Received Import Request.
  Time since last request: 0.000177 seconds.
  path: Assets/Extra/Customizable Skybox/Stylized Sky/Materials/Night4.mat
  artifactKey: Guid(ed1387202b1349540a5d6464f0f27488) Importer(815301076,1909f56bfc062723c751e8b465ee728b)
Start importing Assets/Extra/Customizable Skybox/Stylized Sky/Materials/Night4.mat using Guid(ed1387202b1349540a5d6464f0f27488) Importer(815301076,1909f56bfc062723c751e8b465ee728b)  -> (artifact id: '3ddb7a270469af94e51b71c96538e9f6') in 0.021183 seconds 
  Import took 0.025285 seconds .

========================================================================
Received Import Request.
  Time since last request: 0.000291 seconds.
  path: Assets/Extra/Customizable Skybox/Stylized Sky/Materials/Sunset4.mat
  artifactKey: Guid(20f6d22d93779de4ea6f62f8ab305593) Importer(815301076,1909f56bfc062723c751e8b465ee728b)
Start importing Assets/Extra/Customizable Skybox/Stylized Sky/Materials/Sunset4.mat using Guid(20f6d22d93779de4ea6f62f8ab305593) Importer(815301076,1909f56bfc062723c751e8b465ee728b)  -> (artifact id: '0191f3b56995a9df79a045de081e2c62') in 0.022806 seconds 
  Import took 0.026128 seconds .

========================================================================
Received Import Request.
  Time since last request: 0.000260 seconds.
  path: Assets/Extra/Customizable Skybox/Stylized Sky/Materials/Sunset5.mat
  artifactKey: Guid(baef7505b9e48404cb74585601f49ff9) Importer(815301076,1909f56bfc062723c751e8b465ee728b)
Start importing Assets/Extra/Customizable Skybox/Stylized Sky/Materials/Sunset5.mat using Guid(baef7505b9e48404cb74585601f49ff9) Importer(815301076,1909f56bfc062723c751e8b465ee728b)  -> (artifact id: 'f77d9a7227c032867008729bcac2fd6d') in 0.022328 seconds 
  Import took 0.025175 seconds .

========================================================================
Received Import Request.
  Time since last request: 0.000203 seconds.
  path: Assets/Extra/Customizable Skybox/Stylized Sky/Materials/Night3.mat
  artifactKey: Guid(135a7036ca1a07b4e9e162d80e6b6e77) Importer(815301076,1909f56bfc062723c751e8b465ee728b)
Start importing Assets/Extra/Customizable Skybox/Stylized Sky/Materials/Night3.mat using Guid(135a7036ca1a07b4e9e162d80e6b6e77) Importer(815301076,1909f56bfc062723c751e8b465ee728b)  -> (artifact id: 'fe7c93416996a896536b8b32f9f2c9dd') in 0.016239 seconds 
  Import took 0.019417 seconds .

========================================================================
Received Import Request.
  Time since last request: 0.000243 seconds.
  path: Assets/Extra/Customizable Skybox/Stylized Sky/Materials/Day4.mat
  artifactKey: Guid(5c57bb9da366e944a8f4ae9be4f413ec) Importer(815301076,1909f56bfc062723c751e8b465ee728b)
Start importing Assets/Extra/Customizable Skybox/Stylized Sky/Materials/Day4.mat using Guid(5c57bb9da366e944a8f4ae9be4f413ec) Importer(815301076,1909f56bfc062723c751e8b465ee728b)  -> (artifact id: 'f26507ddb67eeca318a5d98e186fc5a4') in 0.019397 seconds 
  Import took 0.022168 seconds .

========================================================================
Received Import Request.
  Time since last request: 0.000195 seconds.
  path: Assets/Extra/Customizable Skybox/Stylized Sky/Materials/Day5.mat
  artifactKey: Guid(6225fa8890cf025489e57d3aa1d87260) Importer(815301076,1909f56bfc062723c751e8b465ee728b)
Start importing Assets/Extra/Customizable Skybox/Stylized Sky/Materials/Day5.mat using Guid(6225fa8890cf025489e57d3aa1d87260) Importer(815301076,1909f56bfc062723c751e8b465ee728b)  -> (artifact id: '2fa25bb7296944db966b7187d8ce79d5') in 0.017092 seconds 
  Import took 0.019933 seconds .

========================================================================
Received Import Request.
  Time since last request: 0.000177 seconds.
  path: Assets/Extra/Customizable Skybox/Stylized Sky/Materials/Morning1.mat
  artifactKey: Guid(8fc56946a1b593c4d8e3e0e94483338e) Importer(815301076,1909f56bfc062723c751e8b465ee728b)
Start importing Assets/Extra/Customizable Skybox/Stylized Sky/Materials/Morning1.mat using Guid(8fc56946a1b593c4d8e3e0e94483338e) Importer(815301076,1909f56bfc062723c751e8b465ee728b)  -> (artifact id: '59400c7675528154cc1fbddd09d1dd56') in 0.019185 seconds 
  Import took 0.021709 seconds .

========================================================================
Received Import Request.
  Time since last request: 0.000189 seconds.
  path: Assets/Extra/Customizable Skybox/Stylized Sky/Materials/Night2.mat
  artifactKey: Guid(52fcefd712182d743a781fde12426775) Importer(815301076,1909f56bfc062723c751e8b465ee728b)
Start importing Assets/Extra/Customizable Skybox/Stylized Sky/Materials/Night2.mat using Guid(52fcefd712182d743a781fde12426775) Importer(815301076,1909f56bfc062723c751e8b465ee728b)  -> (artifact id: '5d84298a474190e91c7eecbcf439fee4') in 0.012590 seconds 
  Import took 0.016196 seconds .

========================================================================
Received Import Request.
  Time since last request: 0.000131 seconds.
  path: Assets/Extra/Customizable Skybox/Stylized Sky/Materials/Sunset2.mat
  artifactKey: Guid(528363c5c1cf6a7458140c6851c77b68) Importer(815301076,1909f56bfc062723c751e8b465ee728b)
Start importing Assets/Extra/Customizable Skybox/Stylized Sky/Materials/Sunset2.mat using Guid(528363c5c1cf6a7458140c6851c77b68) Importer(815301076,1909f56bfc062723c751e8b465ee728b)  -> (artifact id: '2ab0025dbc613c34230cdda9e016e0ed') in 0.017677 seconds 
  Import took 0.020393 seconds .

========================================================================
Received Import Request.
  Time since last request: 0.000166 seconds.
  path: Assets/Extra/Customizable Skybox/Stylized Sky/Materials/Night1.mat
  artifactKey: Guid(bbe9494f815f3c340956427c884b72a0) Importer(815301076,1909f56bfc062723c751e8b465ee728b)
Start importing Assets/Extra/Customizable Skybox/Stylized Sky/Materials/Night1.mat using Guid(bbe9494f815f3c340956427c884b72a0) Importer(815301076,1909f56bfc062723c751e8b465ee728b)  -> (artifact id: 'f6e2f4a97b46160232e8bcaa823e9cda') in 0.018666 seconds 
  Import took 0.021370 seconds .

========================================================================
Received Import Request.
  Time since last request: 0.000248 seconds.
  path: Assets/Extra/Customizable Skybox/Stylized Sky/Materials/Sunset3.mat
  artifactKey: Guid(7ed994c1997814049b44c36a823bba6c) Importer(815301076,1909f56bfc062723c751e8b465ee728b)
Start importing Assets/Extra/Customizable Skybox/Stylized Sky/Materials/Sunset3.mat using Guid(7ed994c1997814049b44c36a823bba6c) Importer(815301076,1909f56bfc062723c751e8b465ee728b)  -> (artifact id: '63d95374ba6a072900edaafb70fa526c') in 0.024237 seconds 
  Import took 0.027071 seconds .

========================================================================
Received Import Request.
  Time since last request: 0.000171 seconds.
  path: Assets/Extra/Customizable Skybox/Stylized Sky/Materials/Morning3.mat
  artifactKey: Guid(022e71752654d3f4fa0cbe71b312ad20) Importer(815301076,1909f56bfc062723c751e8b465ee728b)
Start importing Assets/Extra/Customizable Skybox/Stylized Sky/Materials/Morning3.mat using Guid(022e71752654d3f4fa0cbe71b312ad20) Importer(815301076,1909f56bfc062723c751e8b465ee728b)  -> (artifact id: 'fc348c5e9e6aa515ec5e0ea2670c6740') in 0.018600 seconds 
  Import took 0.021302 seconds .

========================================================================
Received Import Request.
  Time since last request: 0.000203 seconds.
  path: Assets/Extra/Customizable Skybox/Stylized Sky/Materials/Day2.mat
  artifactKey: Guid(5c80d49013691df48ac94280337e88ce) Importer(815301076,1909f56bfc062723c751e8b465ee728b)
Start importing Assets/Extra/Customizable Skybox/Stylized Sky/Materials/Day2.mat using Guid(5c80d49013691df48ac94280337e88ce) Importer(815301076,1909f56bfc062723c751e8b465ee728b)  -> (artifact id: '820702cec6c7288dc78eb85de6910cbc') in 0.022426 seconds 
  Import took 0.025142 seconds .

========================================================================
Received Import Request.
  Time since last request: 0.000145 seconds.
  path: Assets/Extra/Customizable Skybox/Stylized Sky/Materials/Day7.mat
  artifactKey: Guid(ddbcbb3899687ea469ed4a5fce1532df) Importer(815301076,1909f56bfc062723c751e8b465ee728b)
Start importing Assets/Extra/Customizable Skybox/Stylized Sky/Materials/Day7.mat using Guid(ddbcbb3899687ea469ed4a5fce1532df) Importer(815301076,1909f56bfc062723c751e8b465ee728b)  -> (artifact id: '9773ba2fbd450cc935b24c30e8cba4b6') in 0.021791 seconds 
  Import took 0.024333 seconds .

========================================================================
Received Import Request.
  Time since last request: 0.000176 seconds.
  path: Assets/Extra/Customizable Skybox/Stylized Sky/Materials/Morning4.mat
  artifactKey: Guid(c7a8e24b01cf73e4bad6eb3cb7d40acc) Importer(815301076,1909f56bfc062723c751e8b465ee728b)
Start importing Assets/Extra/Customizable Skybox/Stylized Sky/Materials/Morning4.mat using Guid(c7a8e24b01cf73e4bad6eb3cb7d40acc) Importer(815301076,1909f56bfc062723c751e8b465ee728b)  -> (artifact id: '0206e34bf43e088083c4feef41bd0ce6') in 0.021838 seconds 
  Import took 0.025582 seconds .

========================================================================
Received Import Request.
  Time since last request: 0.000198 seconds.
  path: Assets/Extra/Customizable Skybox/Stylized Sky/Materials/Day3.mat
  artifactKey: Guid(56113b3b655ab7349bab4d7d405c258a) Importer(815301076,1909f56bfc062723c751e8b465ee728b)
Start importing Assets/Extra/Customizable Skybox/Stylized Sky/Materials/Day3.mat using Guid(56113b3b655ab7349bab4d7d405c258a) Importer(815301076,1909f56bfc062723c751e8b465ee728b)  -> (artifact id: 'c59edf9b63e4d463db3b268bd32bcce2') in 0.014797 seconds 
  Import took 0.018039 seconds .

========================================================================
Received Import Request.
  Time since last request: 0.000293 seconds.
  path: Assets/Extra/Customizable Skybox/Stylized Sky/Materials/Sunset1.mat
  artifactKey: Guid(2441c79940171dc43b33badf9fe97828) Importer(815301076,1909f56bfc062723c751e8b465ee728b)
Start importing Assets/Extra/Customizable Skybox/Stylized Sky/Materials/Sunset1.mat using Guid(2441c79940171dc43b33badf9fe97828) Importer(815301076,1909f56bfc062723c751e8b465ee728b)  -> (artifact id: 'a1b42e0e6854bc21ca7f8b2f9e51db29') in 0.019719 seconds 
  Import took 0.023801 seconds .

========================================================================
Received Import Request.
  Time since last request: 0.000206 seconds.
  path: Assets/Extra/Customizable Skybox/Stylized Sky/Materials/Morning2.mat
  artifactKey: Guid(5464c15ff9c6ca04cb5790c1773e76fa) Importer(815301076,1909f56bfc062723c751e8b465ee728b)
Start importing Assets/Extra/Customizable Skybox/Stylized Sky/Materials/Morning2.mat using Guid(5464c15ff9c6ca04cb5790c1773e76fa) Importer(815301076,1909f56bfc062723c751e8b465ee728b)  -> (artifact id: '5ccf461bb38fc74c7f8d7b0c2b424ea8') in 0.016079 seconds 
  Import took 0.019471 seconds .

========================================================================
Received Import Request.
  Time since last request: 18.764159 seconds.
  path: Assets/Scenes/Level 1.unity
  artifactKey: Guid(5ff74be517ccb864891888c64699a9e6) Importer(815301076,1909f56bfc062723c751e8b465ee728b)
Start importing Assets/Scenes/Level 1.unity using Guid(5ff74be517ccb864891888c64699a9e6) Importer(815301076,1909f56bfc062723c751e8b465ee728b)  -> (artifact id: '782be14b304b7254f4cec686a649af28') in 0.003077 seconds 
  Import took 0.006471 seconds .

========================================================================
Received Import Request.
  Time since last request: 60.143782 seconds.
  path: Assets/Prefabs/Launch pad.prefab
  artifactKey: Guid(7f58aa4a4333d944d8c7fc47f6fa8905) Importer(815301076,1909f56bfc062723c751e8b465ee728b)
Start importing Assets/Prefabs/Launch pad.prefab using Guid(7f58aa4a4333d944d8c7fc47f6fa8905) Importer(815301076,1909f56bfc062723c751e8b465ee728b)  -> (artifact id: 'a484573baad95772e8e342d75aa3d554') in 0.027001 seconds 
  Import took 0.029954 seconds .

========================================================================
Received Import Request.
  Time since last request: 5.148752 seconds.
  path: Assets/Prefabs/Landing pad.prefab
  artifactKey: Guid(3f123972dc17a52408ae8cae6e84d18c) Importer(815301076,1909f56bfc062723c751e8b465ee728b)
Start importing Assets/Prefabs/Landing pad.prefab using Guid(3f123972dc17a52408ae8cae6e84d18c) Importer(815301076,1909f56bfc062723c751e8b465ee728b)  -> (artifact id: '381105eda1ef917f4b59d86f8aa52030') in 0.019659 seconds 
  Import took 0.023167 seconds .

========================================================================
Received Import Request.
  Time since last request: 10.694950 seconds.
  path: Assets/Prefabs/Rocket 1.prefab
  artifactKey: Guid(86ce5d3128975c84389479280cf9b548) Importer(815301076,1909f56bfc062723c751e8b465ee728b)
Start importing Assets/Prefabs/Rocket 1.prefab using Guid(86ce5d3128975c84389479280cf9b548) Importer(815301076,1909f56bfc062723c751e8b465ee728b)  -> (artifact id: 'c906786c51237ab13a422f1c2cca86e8') in 0.017215 seconds 
  Import took 0.021147 seconds .

========================================================================
Received Import Request.
  Time since last request: 18.837251 seconds.
  path: Assets/Prefabs/Cube.prefab
  artifactKey: Guid(c2d67df54e737f345a519e76b04cd68e) Importer(815301076,1909f56bfc062723c751e8b465ee728b)
Start importing Assets/Prefabs/Cube.prefab using Guid(c2d67df54e737f345a519e76b04cd68e) Importer(815301076,1909f56bfc062723c751e8b465ee728b)  -> (artifact id: 'a79593f3e68be3ab63111427681f9526') in 0.017148 seconds 
  Import took 0.020972 seconds .

========================================================================
Received Import Request.
  Time since last request: 4.475016 seconds.
  path: Assets/Scenes/Level 1.unity
  artifactKey: Guid(5ff74be517ccb864891888c64699a9e6) Importer(815301076,1909f56bfc062723c751e8b465ee728b)
Start importing Assets/Scenes/Level 1.unity using Guid(5ff74be517ccb864891888c64699a9e6) Importer(815301076,1909f56bfc062723c751e8b465ee728b)  -> (artifact id: '4e43f73483b57202621536adfb2d2f75') in 0.003358 seconds 
  Import took 0.006504 seconds .

========================================================================
Received Import Request.
  Time since last request: 237.655464 seconds.
  path: Assets/Scenes/Sandbox.unity
  artifactKey: Guid(9fc0d4010bbf28b4594072e72b8655ab) Importer(815301076,1909f56bfc062723c751e8b465ee728b)
Start importing Assets/Scenes/Sandbox.unity using Guid(9fc0d4010bbf28b4594072e72b8655ab) Importer(815301076,1909f56bfc062723c751e8b465ee728b)  -> (artifact id: 'f9ffdddd41721576cb9de391856bf957') in 0.003345 seconds 
  Import took 0.006940 seconds .

========================================================================
Received Prepare
Registering precompiled user dll's ...
Registered in 0.006609 seconds.
Begin MonoManager ReloadAssembly
Native extension for WindowsStandalone target not found
Native extension for WebGL target not found
Refreshing native plugins compatible for Editor in 0.50 ms, found 2 plugins.
Preloading 0 native plugins for Editor in 0.00 ms.
Mono: successfully reloaded assembly
- Completed reload, in  0.926 seconds
Domain Reload Profiling:
	ReloadAssembly (927ms)
		BeginReloadAssembly (120ms)
			ExecutionOrderSort (0ms)
			DisableScriptedObjects (3ms)
			BackupInstance (0ms)
			ReleaseScriptingObjects (0ms)
			CreateAndSetChildDomain (42ms)
		EndReloadAssembly (733ms)
			LoadAssemblies (92ms)
			RebuildTransferFunctionScriptingTraits (0ms)
			SetupTypeCache (272ms)
			ReleaseScriptCaches (1ms)
			RebuildScriptCaches (39ms)
			SetupLoadedEditorAssemblies (256ms)
				LogAssemblyErrors (0ms)
				InitializePlatformSupportModulesInManaged (7ms)
				SetLoadedEditorAssemblies (0ms)
				RefreshPlugins (1ms)
				BeforeProcessingInitializeOnLoad (75ms)
				ProcessInitializeOnLoadAttributes (160ms)
				ProcessInitializeOnLoadMethodAttributes (7ms)
				AfterProcessingInitializeOnLoad (6ms)
				EditorAssembliesLoaded (0ms)
			ExecutionOrderSort2 (0ms)
			AwakeInstancesAfterBackupRestoration (6ms)
Platform modules already initialized, skipping
Refreshing native plugins compatible for Editor in 0.81 ms, found 2 plugins.
Preloading 0 native plugins for Editor in 0.00 ms.
Unloading 1646 Unused Serialized files (Serialized files now loaded: 0)
System memory in use before: 89.1 MB.
System memory in use after: 89.3 MB.

Unloading 16 unused Assets to reduce memory usage. Loaded Objects now: 2160.
Total: 3.231400 ms (FindLiveObjects: 0.167500 ms CreateObjectMapping: 0.034500 ms MarkObjects: 3.001900 ms  DeleteObjects: 0.025900 ms)

AssetImportParameters requested are different than current active one (requested -> active):
  custom:framework-win-MediaFoundation: 216162199b28c13a410421893ffa2e32 -> 
  custom:video-decoder-ogg-theora: a1e56fd34408186e4bbccfd4996cb3dc -> 
  custom:container-muxer-webm: aa71ff27fc2769a1b78a27578f13a17b -> 
  custom:container-demuxer-webm: 4f35f7cbe854078d1ac9338744f61a02 -> 
  custom:container-demuxer-ogg: 62fdf1f143b41e24485cea50d1cbac27 -> 
  custom:video-encoder-webm-vp8: eb34c28f22e8b96e1ab97ce403110664 -> 
  custom:video-decoder-webm-vp8: 9c59270c3fd7afecdb556c50c9e8de78 -> 
  custom:audio-decoder-ogg-vorbis: bf7c407c2cedff20999df2af8eb42d56 -> 
  custom:audio-encoder-webm-vorbis: bf7c407c2cedff20999df2af8eb42d56 -> 
========================================================================
Received Import Request.
  Time since last request: 9.785863 seconds.
  path: Assets/Prefabs/CM vcam1.prefab
  artifactKey: Guid(7897730c73a076546a9f1ff82501766f) Importer(815301076,1909f56bfc062723c751e8b465ee728b)
Start importing Assets/Prefabs/CM vcam1.prefab using Guid(7897730c73a076546a9f1ff82501766f) Importer(815301076,1909f56bfc062723c751e8b465ee728b)  -> (artifact id: '7bdc37634fc461d1a42cbcf649211f1a') in 0.038566 seconds 
  Import took 0.042029 seconds .

========================================================================
Received Import Request.
  Time since last request: 12.545027 seconds.
  path: Assets/Scenes/Level 1.unity
  artifactKey: Guid(5ff74be517ccb864891888c64699a9e6) Importer(815301076,1909f56bfc062723c751e8b465ee728b)
Start importing Assets/Scenes/Level 1.unity using Guid(5ff74be517ccb864891888c64699a9e6) Importer(815301076,1909f56bfc062723c751e8b465ee728b)  -> (artifact id: 'b2aa7727057f8671cae9e05b581bc14e') in 0.002994 seconds 
  Import took 0.006158 seconds .

========================================================================
Received Import Request.
  Time since last request: 9.852751 seconds.
  path: Assets/Scenes
  artifactKey: Guid(35482085056fb9b408822080ea93a1cf) Importer(815301076,1909f56bfc062723c751e8b465ee728b)
Start importing Assets/Scenes using Guid(35482085056fb9b408822080ea93a1cf) Importer(815301076,1909f56bfc062723c751e8b465ee728b)  -> (artifact id: '493c82cf09c8cd0ccc838a364a247ccd') in 0.007575 seconds 
  Import took 0.010315 seconds .

========================================================================
Received Prepare
Registering precompiled user dll's ...
Registered in 0.005006 seconds.
Begin MonoManager ReloadAssembly
Native extension for WindowsStandalone target not found
Native extension for WebGL target not found
Refreshing native plugins compatible for Editor in 0.43 ms, found 2 plugins.
Preloading 0 native plugins for Editor in 0.00 ms.
Mono: successfully reloaded assembly
- Completed reload, in  0.925 seconds
Domain Reload Profiling:
	ReloadAssembly (925ms)
		BeginReloadAssembly (107ms)
			ExecutionOrderSort (0ms)
			DisableScriptedObjects (4ms)
			BackupInstance (0ms)
			ReleaseScriptingObjects (0ms)
			CreateAndSetChildDomain (37ms)
		EndReloadAssembly (758ms)
			LoadAssemblies (81ms)
			RebuildTransferFunctionScriptingTraits (0ms)
			SetupTypeCache (255ms)
			ReleaseScriptCaches (1ms)
			RebuildScriptCaches (40ms)
			SetupLoadedEditorAssemblies (294ms)
				LogAssemblyErrors (0ms)
				InitializePlatformSupportModulesInManaged (5ms)
				SetLoadedEditorAssemblies (0ms)
				RefreshPlugins (0ms)
				BeforeProcessingInitializeOnLoad (91ms)
				ProcessInitializeOnLoadAttributes (183ms)
				ProcessInitializeOnLoadMethodAttributes (8ms)
				AfterProcessingInitializeOnLoad (7ms)
				EditorAssembliesLoaded (0ms)
			ExecutionOrderSort2 (0ms)
			AwakeInstancesAfterBackupRestoration (6ms)
Platform modules already initialized, skipping
Refreshing native plugins compatible for Editor in 0.58 ms, found 2 plugins.
Preloading 0 native plugins for Editor in 0.00 ms.
Unloading 1646 Unused Serialized files (Serialized files now loaded: 0)
System memory in use before: 89.2 MB.
System memory in use after: 89.3 MB.

Unloading 15 unused Assets to reduce memory usage. Loaded Objects now: 2162.
Total: 3.669200 ms (FindLiveObjects: 0.361300 ms CreateObjectMapping: 0.063900 ms MarkObjects: 3.227600 ms  DeleteObjects: 0.014500 ms)

AssetImportParameters requested are different than current active one (requested -> active):
  custom:framework-win-MediaFoundation: 216162199b28c13a410421893ffa2e32 -> 
  custom:video-decoder-ogg-theora: a1e56fd34408186e4bbccfd4996cb3dc -> 
  custom:container-muxer-webm: aa71ff27fc2769a1b78a27578f13a17b -> 
  custom:container-demuxer-webm: 4f35f7cbe854078d1ac9338744f61a02 -> 
  custom:container-demuxer-ogg: 62fdf1f143b41e24485cea50d1cbac27 -> 
  custom:video-encoder-webm-vp8: eb34c28f22e8b96e1ab97ce403110664 -> 
  custom:video-decoder-webm-vp8: 9c59270c3fd7afecdb556c50c9e8de78 -> 
  custom:audio-decoder-ogg-vorbis: bf7c407c2cedff20999df2af8eb42d56 -> 
  custom:audio-encoder-webm-vorbis: bf7c407c2cedff20999df2af8eb42d56 -> 
========================================================================
Received Prepare
Registering precompiled user dll's ...
Registered in 0.004104 seconds.
Begin MonoManager ReloadAssembly
Native extension for WindowsStandalone target not found
Native extension for WebGL target not found
Refreshing native plugins compatible for Editor in 0.91 ms, found 2 plugins.
Preloading 0 native plugins for Editor in 0.00 ms.
Mono: successfully reloaded assembly
- Completed reload, in  0.923 seconds
Domain Reload Profiling:
	ReloadAssembly (923ms)
		BeginReloadAssembly (100ms)
			ExecutionOrderSort (0ms)
			DisableScriptedObjects (4ms)
			BackupInstance (0ms)
			ReleaseScriptingObjects (0ms)
			CreateAndSetChildDomain (31ms)
		EndReloadAssembly (764ms)
			LoadAssemblies (80ms)
			RebuildTransferFunctionScriptingTraits (0ms)
			SetupTypeCache (264ms)
			ReleaseScriptCaches (1ms)
			RebuildScriptCaches (34ms)
			SetupLoadedEditorAssemblies (295ms)
				LogAssemblyErrors (0ms)
				InitializePlatformSupportModulesInManaged (5ms)
				SetLoadedEditorAssemblies (0ms)
				RefreshPlugins (1ms)
				BeforeProcessingInitializeOnLoad (87ms)
				ProcessInitializeOnLoadAttributes (183ms)
				ProcessInitializeOnLoadMethodAttributes (8ms)
				AfterProcessingInitializeOnLoad (9ms)
				EditorAssembliesLoaded (0ms)
			ExecutionOrderSort2 (0ms)
			AwakeInstancesAfterBackupRestoration (6ms)
Platform modules already initialized, skipping
Refreshing native plugins compatible for Editor in 0.55 ms, found 2 plugins.
Preloading 0 native plugins for Editor in 0.00 ms.
Unloading 1646 Unused Serialized files (Serialized files now loaded: 0)
System memory in use before: 89.2 MB.
System memory in use after: 89.3 MB.

Unloading 15 unused Assets to reduce memory usage. Loaded Objects now: 2164.
Total: 2.644000 ms (FindLiveObjects: 0.297300 ms CreateObjectMapping: 0.038000 ms MarkObjects: 2.293400 ms  DeleteObjects: 0.014000 ms)

AssetImportParameters requested are different than current active one (requested -> active):
  custom:framework-win-MediaFoundation: 216162199b28c13a410421893ffa2e32 -> 
  custom:video-decoder-ogg-theora: a1e56fd34408186e4bbccfd4996cb3dc -> 
  custom:container-muxer-webm: aa71ff27fc2769a1b78a27578f13a17b -> 
  custom:container-demuxer-webm: 4f35f7cbe854078d1ac9338744f61a02 -> 
  custom:container-demuxer-ogg: 62fdf1f143b41e24485cea50d1cbac27 -> 
  custom:video-encoder-webm-vp8: eb34c28f22e8b96e1ab97ce403110664 -> 
  custom:video-decoder-webm-vp8: 9c59270c3fd7afecdb556c50c9e8de78 -> 
  custom:audio-decoder-ogg-vorbis: bf7c407c2cedff20999df2af8eb42d56 -> 
  custom:audio-encoder-webm-vorbis: bf7c407c2cedff20999df2af8eb42d56 -> 
========================================================================
Received Prepare
Registering precompiled user dll's ...
Registered in 0.007625 seconds.
Begin MonoManager ReloadAssembly
Native extension for WindowsStandalone target not found
Native extension for WebGL target not found
Refreshing native plugins compatible for Editor in 0.77 ms, found 2 plugins.
Preloading 0 native plugins for Editor in 0.00 ms.
Mono: successfully reloaded assembly
- Completed reload, in  1.011 seconds
Domain Reload Profiling:
	ReloadAssembly (1012ms)
		BeginReloadAssembly (114ms)
			ExecutionOrderSort (0ms)
			DisableScriptedObjects (5ms)
			BackupInstance (0ms)
			ReleaseScriptingObjects (0ms)
			CreateAndSetChildDomain (37ms)
		EndReloadAssembly (823ms)
			LoadAssemblies (93ms)
			RebuildTransferFunctionScriptingTraits (0ms)
			SetupTypeCache (283ms)
			ReleaseScriptCaches (1ms)
			RebuildScriptCaches (44ms)
			SetupLoadedEditorAssemblies (311ms)
				LogAssemblyErrors (0ms)
				InitializePlatformSupportModulesInManaged (7ms)
				SetLoadedEditorAssemblies (1ms)
				RefreshPlugins (1ms)
				BeforeProcessingInitializeOnLoad (90ms)
				ProcessInitializeOnLoadAttributes (196ms)
				ProcessInitializeOnLoadMethodAttributes (9ms)
				AfterProcessingInitializeOnLoad (8ms)
				EditorAssembliesLoaded (0ms)
			ExecutionOrderSort2 (0ms)
			AwakeInstancesAfterBackupRestoration (6ms)
Platform modules already initialized, skipping
Refreshing native plugins compatible for Editor in 0.48 ms, found 2 plugins.
Preloading 0 native plugins for Editor in 0.00 ms.
Unloading 1646 Unused Serialized files (Serialized files now loaded: 0)
System memory in use before: 89.2 MB.
System memory in use after: 89.3 MB.

Unloading 15 unused Assets to reduce memory usage. Loaded Objects now: 2166.
Total: 3.821400 ms (FindLiveObjects: 0.246400 ms CreateObjectMapping: 0.036500 ms MarkObjects: 3.517600 ms  DeleteObjects: 0.019400 ms)

AssetImportParameters requested are different than current active one (requested -> active):
  custom:framework-win-MediaFoundation: 216162199b28c13a410421893ffa2e32 -> 
  custom:video-decoder-ogg-theora: a1e56fd34408186e4bbccfd4996cb3dc -> 
  custom:container-muxer-webm: aa71ff27fc2769a1b78a27578f13a17b -> 
  custom:container-demuxer-webm: 4f35f7cbe854078d1ac9338744f61a02 -> 
  custom:container-demuxer-ogg: 62fdf1f143b41e24485cea50d1cbac27 -> 
  custom:video-encoder-webm-vp8: eb34c28f22e8b96e1ab97ce403110664 -> 
  custom:video-decoder-webm-vp8: 9c59270c3fd7afecdb556c50c9e8de78 -> 
  custom:audio-decoder-ogg-vorbis: bf7c407c2cedff20999df2af8eb42d56 -> 
  custom:audio-encoder-webm-vorbis: bf7c407c2cedff20999df2af8eb42d56 -> 
AssetImportWorkerClient::OnTransportError - code=2 error=End of file
